<?xml version="1.0" encoding="UTF-8"?>
<testsuite name="com.example.securingweb.SecuringWebApplicationTests" tests="1" skipped="0" failures="0" errors="0" timestamp="2024-03-29T17:52:06" hostname="LAPTOP-VJJFKIHA" time="1.117">
  <properties/>
  <testcase name="contextLoads()" classname="com.example.securingweb.SecuringWebApplicationTests" time="1.117"/>
  <system-out><![CDATA[12:52:03.936 [Test worker] INFO org.springframework.test.context.support.AnnotationConfigContextLoaderUtils -- Could not detect default configuration classes for test class [com.example.securingweb.SecuringWebApplicationTests]: SecuringWebApplicationTests does not declare any static, non-private, non-final, nested classes annotated with @Configuration.
12:52:04.086 [Test worker] INFO org.springframework.boot.test.context.SpringBootTestContextBootstrapper -- Found @SpringBootConfiguration com.example.securingweb.SecuringWebApplication for test class com.example.securingweb.SecuringWebApplicationTests

  .   ____          _            __ _ _
 /\\ / ___'_ __ _ _(_)_ __  __ _ \ \ \ \
( ( )\___ | '_ | '_| | '_ \/ _` | \ \ \ \
 \\/  ___)| |_)| | | | | || (_| |  ) ) ) )
  '  |____| .__|_| |_|_| |_\__, | / / / /
 =========|_|==============|___/=/_/_/_/
 :: Spring Boot ::                (v3.2.0)

2024-03-29T12:52:04.613-05:00  INFO 15856 --- [securing-web] [    Test worker] c.e.s.SecuringWebApplicationTests        : Starting SecuringWebApplicationTests using Java 17.0.4.1 with PID 15856 (started by Affan in C:\Users\Affan\securing-web)
2024-03-29T12:52:04.622-05:00  INFO 15856 --- [securing-web] [    Test worker] c.e.s.SecuringWebApplicationTests        : No active profile set, falling back to 1 default profile: "default"
2024-03-29T12:52:05.820-05:00  WARN 15856 --- [securing-web] [    Test worker] o.s.security.core.userdetails.User       : User.withDefaultPasswordEncoder() is considered unsafe for production and is only intended for sample applications.
2024-03-29T12:52:06.324-05:00  INFO 15856 --- [securing-web] [    Test worker] o.s.s.web.DefaultSecurityFilterChain     : Will secure any request with [org.springframework.security.web.session.DisableEncodeUrlFilter@602f8f94, org.springframework.security.web.context.request.async.WebAsyncManagerIntegrationFilter@42507640, org.springframework.security.web.context.SecurityContextHolderFilter@5c53f292, org.springframework.security.web.header.HeaderWriterFilter@738d37fc, org.springframework.web.filter.CorsFilter@4dfe8b37, org.springframework.security.web.csrf.CsrfFilter@15fb4566, org.springframework.security.web.authentication.logout.LogoutFilter@45117dd, org.springframework.security.web.authentication.UsernamePasswordAuthenticationFilter@6eb089e6, org.springframework.security.web.savedrequest.RequestCacheAwareFilter@3b009e7b, org.springframework.security.web.servletapi.SecurityContextHolderAwareRequestFilter@270a620, org.springframework.security.web.authentication.AnonymousAuthenticationFilter@11dcd42c, org.springframework.security.web.access.ExceptionTranslationFilter@c1050f2, org.springframework.security.web.access.intercept.AuthorizationFilter@5d7d8613]
2024-03-29T12:52:06.667-05:00  INFO 15856 --- [securing-web] [    Test worker] c.e.s.SecuringWebApplicationTests        : Started SecuringWebApplicationTests in 2.371 seconds (process running for 3.886)
]]></system-out>
  <system-err><![CDATA[]]></system-err>
</testsuite>
